[2024-10-07 21:11:42] [INFO    ] discord.client: logging in using static token
[2024-10-07 21:11:43] [INFO    ] discord.gateway: Shard ID None has connected to Gateway (Session ID: 720eaf8148f560c30bec9c7f565af777).
[2024-10-07 21:11:45] [INFO    ] discord: BACKGROUND TASK STARTED
[2024-10-07 21:11:45] [INFO    ] discord: GUILD FOUND
[2024-10-07 21:11:45] [INFO    ] discord: CHANNEL FOUND
[2024-10-07 21:11:45] [INFO    ] discord: EXECUTED BACKGROUND JOB
[2024-10-07 21:12:15] [INFO    ] discord: EXECUTED BACKGROUND JOB
[2024-10-07 21:12:46] [INFO    ] discord: EXECUTED BACKGROUND JOB
[2024-10-07 21:51:58] [INFO    ] discord.client: logging in using static token
[2024-10-07 21:51:59] [INFO    ] discord.gateway: Shard ID None has connected to Gateway (Session ID: 897952585f2417fd305c635219d31b05).
[2024-10-07 21:52:01] [INFO    ] discord: BACKGROUND TASK STARTED
[2024-10-07 21:52:01] [INFO    ] discord: GUILD FOUND
[2024-10-07 21:52:01] [INFO    ] discord: CHANNEL FOUND
[2024-10-07 21:52:14] [INFO    ] discord.client: logging in using static token
[2024-10-07 21:52:15] [INFO    ] discord.gateway: Shard ID None has connected to Gateway (Session ID: 9d9852506db9a6624171f0b9fdbcbbf8).
[2024-10-07 21:52:17] [INFO    ] discord: BACKGROUND TASK STARTED
[2024-10-07 21:52:17] [INFO    ] discord: GUILD FOUND
[2024-10-07 21:52:17] [INFO    ] discord: CHANNEL FOUND
[2024-10-07 21:53:27] [INFO    ] discord.client: logging in using static token
[2024-10-07 21:53:27] [INFO    ] discord.gateway: Shard ID None has connected to Gateway (Session ID: 3ac8355e1fb87307e7b7d7741e5c595f).
[2024-10-07 21:53:29] [INFO    ] discord: BACKGROUND TASK STARTED
[2024-10-07 21:53:29] [INFO    ] discord: GUILD FOUND
[2024-10-07 21:53:29] [INFO    ] discord: CHANNEL FOUND
[2024-10-07 21:53:29] [INFO    ] discord: EXECUTED BACKGROUND JOB
[2024-10-07 21:53:40] [INFO    ] discord: EXECUTED BACKGROUND JOB
[2024-10-07 21:53:50] [INFO    ] discord: EXECUTED BACKGROUND JOB
[2024-10-07 21:54:00] [INFO    ] discord: EXECUTED BACKGROUND JOB
[2024-10-07 21:54:10] [INFO    ] discord: EXECUTED BACKGROUND JOB
[2024-10-07 21:54:21] [INFO    ] discord: EXECUTED BACKGROUND JOB
[2024-10-07 21:54:31] [INFO    ] discord: EXECUTED BACKGROUND JOB
[2024-10-07 21:54:41] [INFO    ] discord: EXECUTED BACKGROUND JOB
[2024-10-07 21:54:51] [INFO    ] discord: EXECUTED BACKGROUND JOB
[2024-10-07 21:55:01] [INFO    ] discord: EXECUTED BACKGROUND JOB
[2024-10-07 21:55:11] [INFO    ] discord: EXECUTED BACKGROUND JOB
[2024-10-07 21:55:22] [INFO    ] discord: EXECUTED BACKGROUND JOB
[2024-10-07 21:55:32] [INFO    ] discord: EXECUTED BACKGROUND JOB
[2024-10-07 21:55:42] [INFO    ] discord: EXECUTED BACKGROUND JOB
[2024-10-07 21:55:52] [INFO    ] discord: EXECUTED BACKGROUND JOB
[2024-10-07 21:56:03] [INFO    ] discord: EXECUTED BACKGROUND JOB
